app/mapping.txt
# compiler: R8
# compiler_version: 1.6.82
# min_api: 17
# pg_map_id: a9de8df
# common_typos_disable
com.example.weightdemo.BuildConfig -> e.b.a.a:
    boolean DEBUG -> a
    7:7:void <clinit>() -> <clinit>
com.example.weightdemo.activity.ConstraintlayoutActivity -> com.example.weightdemo.activity.ConstraintlayoutActivity:
    7:8:void <init>() -> <init>
    7:7:androidx.viewbinding.ViewBinding getActivityBinding() -> o
    11:11:com.example.weightdemo.databinding.ActivityConstraintlayoutBinding getActivityBinding() -> o
    7:7:com.example.weightdemo.presenter.BasePresenter getPresenter() -> q
    24:24:com.example.weightdemo.presenter.LifPresenter getPresenter() -> q
    17:17:void initData() -> s
    20:21:void initView() -> v
com.example.weightdemo.activity.MainActivity -> com.example.weightdemo.activity.MainActivity:
    java.util.ArrayList mList -> y
    TestBaseAdpater mAdpater -> z
    23:24:void <clinit>() -> <clinit>
    18:19:void <init>() -> <init>
    18:18:androidx.viewbinding.ViewBinding getActivityBinding() -> o
    31:31:com.example.weightdemo.databinding.ActivityMainBinding getActivityBinding() -> o
    59:59:void onClick(android.view.View) -> onClick
    35:35:com.example.weightdemo.presenter.BasePresenter getPresenter() -> q
    41:41:void initData() -> s
    44:51:void initView() -> v
com.example.weightdemo.activity.MainActivity$Companion -> com.example.weightdemo.activity.MainActivity$a:
    22:22:void <init>() -> <init>
    22:22:void <init>(kotlin.jvm.internal.DefaultConstructorMarker) -> <init>
com.example.weightdemo.activity.MainActivity$initView$1 -> com.example.weightdemo.activity.MainActivity$b:
    com.example.weightdemo.activity.MainActivity$initView$1 INSTANCE -> a
    54:54:void onClick(android.view.View) -> onClick
com.example.weightdemo.MyApplocation -> com.example.weightdemo.MyApplocation:
    11:11:void <init>() -> <init>
    31:45:void initSophix() -> a
    20:22:void attachBaseContext(android.content.Context) -> attachBaseContext
    25:28:void onCreate() -> onCreate
com.example.weightdemo.MyApplocation$Companion -> com.example.weightdemo.MyApplocation$a:
    12:12:void <init>() -> <init>
    12:12:void <init>(kotlin.jvm.internal.DefaultConstructorMarker) -> <init>
com.example.weightdemo.MyApplocation$initSophix$1 -> com.example.weightdemo.MyApplocation$b:
    com.example.weightdemo.MyApplocation$initSophix$1 INSTANCE -> a
    37:44:void onLoad(int,int,java.lang.String,int) -> onLoad
com.example.weightdemo.R$id -> e.b.a.b:
com.example.weightdemo.activity.ThreeActivity -> com.example.weightdemo.activity.ThreeActivity:
    13:13:void <init>() -> <init>
    13:13:androidx.viewbinding.ViewBinding getActivityBinding() -> o
    17:17:com.example.weightdemo.databinding.ActivityThreeBinding getActivityBinding() -> o
    39:41:void onDestroy() -> onDestroy
    13:13:com.example.weightdemo.presenter.BasePresenter getPresenter() -> q
    21:21:com.example.weightdemo.presenter.LifPresenter getPresenter() -> q
    26:26:void initData() -> s
    29:36:void initView() -> v
com.example.weightdemo.activity.ThreeActivity$initView$1 -> com.example.weightdemo.activity.ThreeActivity$a:
    com.example.weightdemo.activity.ThreeActivity this$0 -> a
    30:35:void onClick(android.view.View) -> onClick
...
androidx.lifecycle.ViewModelProvider$KeyedFactory -> d.k.r$b:
    60:60:void <init>() -> <init>
    androidx.lifecycle.ViewModel create(java.lang.String,java.lang.Class) -> a
    76:76:androidx.lifecycle.ViewModel create(java.lang.Class) -> a
androidx.lifecycle.ViewModelStore -> d.k.s:
    java.util.HashMap mMap -> a
    38:40:void <init>() -> <init>
    43:47:void put(java.lang.String,androidx.lifecycle.ViewModel) -> a
    50:50:androidx.lifecycle.ViewModel get(java.lang.String) -> a
    61:65:void clear() -> a
androidx.lifecycle.ViewModelStoreOwner -> d.k.t:
    androidx.lifecycle.ViewModelStore getViewModelStore() -> d
androidx.loader.app.LoaderManager -> d.l.a.a:
    40:44:void <init>() -> <init>
    void dump(java.lang.String,java.io.FileDescriptor,java.io.PrintWriter,java.lang.String[]) -> a
    void markForRedelivery() -> a
    128:128:androidx.loader.app.LoaderManager getInstance(androidx.lifecycle.LifecycleOwner) -> a
androidx.loader.app.LoaderManagerImpl -> d.l.a.b:
    androidx.lifecycle.LifecycleOwner mLifecycleOwner -> a
    androidx.loader.app.LoaderManagerImpl$LoaderViewModel mLoaderViewModel -> b
    boolean DEBUG -> c
    42:42:void <clinit>() -> <clinit>
    371:374:void <init>(androidx.lifecycle.LifecycleOwner,androidx.lifecycle.ViewModelStore) -> <init>
    481:482:void markForRedelivery() -> a
    498:499:void dump(java.lang.String,java.io.FileDescriptor,java.io.PrintWriter,java.lang.String[]) -> a
    486:492:java.lang.String toString() -> toString
androidx.loader.app.LoaderManagerImpl$LoaderInfo -> d.l.a.b$a:
    androidx.loader.content.Loader mLoader -> l
    androidx.lifecycle.LifecycleOwner mLifecycleOwner -> m
    int mId -> j
    androidx.loader.app.LoaderManagerImpl$LoaderObserver mObserver -> n
    android.os.Bundle mArgs -> k
    androidx.loader.content.Loader mPriorLoader -> o
    76:77:void onActive() -> a
    134:138:void removeObserver(androidx.lifecycle.Observer) -> a
    149:151:androidx.loader.content.Loader destroy(boolean) -> a
    189:192:void setValue(java.lang.Object) -> a
    212:215:void dump(java.lang.String,java.io.FileDescriptor,java.io.PrintWriter,java.lang.String[]) -> a
    82:83:void onInactive() -> b
    111:121:void markForRedelivery() -> c
    199:207:java.lang.String toString() -> toString
androidx.loader.app.LoaderManagerImpl$LoaderObserver -> d.l.a.b$b:
androidx.loader.app.LoaderManagerImpl$LoaderViewModel -> d.l.a.b$c:
    androidx.lifecycle.ViewModelProvider$Factory FACTORY -> c
    androidx.collection.SparseArrayCompat mLoaders -> b
    281:281:void <clinit>() -> <clinit>
    280:296:void <init>() -> <init>
    292:292:androidx.loader.app.LoaderManagerImpl$LoaderViewModel getInstance(androidx.lifecycle.ViewModelStore) -> a
    354:364:void dump(java.lang.String,java.io.FileDescriptor,java.io.PrintWriter,java.lang.String[]) -> a
    344:348:void onCleared() -> b
    335:340:void markForRedelivery() -> c
androidx.loader.app.LoaderManagerImpl$LoaderViewModel$1 -> d.l.a.b$c$a:
    281:281:void <init>() -> <init>
    286:286:androidx.lifecycle.ViewModel create(java.lang.Class) -> a
androidx.loader.content.Loader -> d.l.b.a:
    boolean cancelLoad() -> a
    void dump(java.lang.String,java.io.FileDescriptor,java.io.PrintWriter,java.lang.String[]) -> a
    void reset() -> b
    void startLoading() -> c
    void stopLoading() -> d
androidx.recyclerview.R$attr -> d.m.a:
androidx.recyclerview.R$dimen -> d.m.b:
androidx.recyclerview.R$styleable -> d.m.c: